2021-08-13 13:21:45,834:INFO:gen_log log STARTED
2021-08-13 13:22:02,093:INFO:Sender is pdc
2021-08-13 13:22:02,093:INFO:Time is 1628841122093
2021-08-13 13:22:02,093:INFO:E13_pos_mag: 0.42599510532,E13_pos_ph: -1.87148394984
2021-08-13 13:22:02,093:INFO:E13_neg_mag: 0.380195381293,E13_neg_ph: 0.2405538984
2021-08-13 13:22:02,093:INFO:E13_zero_mag: 2.92569455715e-16,E13_zero_ph: -1.2490457724
2021-08-13 13:22:02,093:INFO:I13_pos_mag: 0.000441735831267,I13_pos_ph: -1.84980433863
2021-08-13 13:22:02,093:INFO:I13_neg_mag: 0.000382230764374,I13_neg_ph: 0.31135502393
2021-08-13 13:22:02,093:INFO:I13_zero_mag: 2.22694410699e-18,I13_zero_ph: 2.33527703937
2021-08-13 13:22:02,093:INFO:Message Complete
2021-08-13 13:22:02,216:INFO:Sender is pdc
2021-08-13 13:22:02,217:INFO:Time is 1628841122216
2021-08-13 13:22:02,217:INFO:E13_pos_mag: 0.42599510532,E13_pos_ph: -1.87148394984
2021-08-13 13:22:02,217:INFO:E13_neg_mag: 0.380195381293,E13_neg_ph: 0.2405538984
2021-08-13 13:22:02,217:INFO:E13_zero_mag: 2.92569455715e-16,E13_zero_ph: -1.2490457724
2021-08-13 13:22:02,217:INFO:I13_pos_mag: 0.000441735831267,I13_pos_ph: -1.84980433863
2021-08-13 13:22:02,217:INFO:I13_neg_mag: 0.000382230764374,I13_neg_ph: 0.31135502393
2021-08-13 13:22:02,217:INFO:I13_zero_mag: 2.22694410699e-18,I13_zero_ph: 2.33527703937
2021-08-13 13:22:02,217:INFO:Message Complete
2021-08-13 13:22:02,247:INFO:Sender is pdc
2021-08-13 13:22:02,247:INFO:Time is 1628841122247
2021-08-13 13:22:02,247:INFO:E13_pos_mag: 0.42599510532,E13_pos_ph: -1.87148394984
2021-08-13 13:22:02,247:INFO:E13_neg_mag: 0.380195381293,E13_neg_ph: 0.2405538984
2021-08-13 13:22:02,247:INFO:E13_zero_mag: 2.92569455715e-16,E13_zero_ph: -1.2490457724
2021-08-13 13:22:02,247:INFO:I13_pos_mag: 0.000441735831267,I13_pos_ph: -1.84980433863
2021-08-13 13:22:02,247:INFO:I13_neg_mag: 0.000382230764374,I13_neg_ph: 0.31135502393
2021-08-13 13:22:02,248:INFO:I13_zero_mag: 2.22694410699e-18,I13_zero_ph: 2.33527703937
2021-08-13 13:22:02,248:INFO:Message Complete
2021-08-13 13:22:02,277:INFO:Sender is pdc
2021-08-13 13:22:02,277:INFO:Time is 1628841122277
2021-08-13 13:22:02,278:INFO:E13_pos_mag: 0.42599510532,E13_pos_ph: -1.87148394984
2021-08-13 13:22:02,278:INFO:E13_neg_mag: 0.380195381293,E13_neg_ph: 0.2405538984
2021-08-13 13:22:02,278:INFO:E13_zero_mag: 2.92569455715e-16,E13_zero_ph: -1.2490457724
2021-08-13 13:22:02,278:INFO:I13_pos_mag: 0.000441735831267,I13_pos_ph: -1.84980433863
2021-08-13 13:22:02,278:INFO:I13_neg_mag: 0.000382230764374,I13_neg_ph: 0.31135502393
2021-08-13 13:22:02,278:INFO:I13_zero_mag: 2.22694410699e-18,I13_zero_ph: 2.33527703937
2021-08-13 13:22:02,278:INFO:Message Complete
2021-08-13 13:22:02,306:INFO:Sender is pdc
2021-08-13 13:22:02,307:INFO:Time is 1628841122306
2021-08-13 13:22:02,307:INFO:E13_pos_mag: 0.42599510532,E13_pos_ph: -1.87148394984
2021-08-13 13:22:02,307:INFO:E13_neg_mag: 0.380195381293,E13_neg_ph: 0.2405538984
2021-08-13 13:22:02,307:INFO:E13_zero_mag: 2.92569455715e-16,E13_zero_ph: -1.2490457724
2021-08-13 13:22:02,307:INFO:I13_pos_mag: 0.000441735831267,I13_pos_ph: -1.84980433863
2021-08-13 13:22:02,307:INFO:I13_neg_mag: 0.000382230764374,I13_neg_ph: 0.31135502393
2021-08-13 13:22:02,307:INFO:I13_zero_mag: 2.22694410699e-18,I13_zero_ph: 2.33527703937
2021-08-13 13:22:02,307:INFO:Message Complete
2021-08-13 13:22:02,329:INFO:Sender is pdc
2021-08-13 13:22:02,329:INFO:Time is 1628841122329
2021-08-13 13:22:02,329:INFO:E13_pos_mag: 0.42599510532,E13_pos_ph: -1.87148394984
2021-08-13 13:22:02,329:INFO:E13_neg_mag: 0.380195381293,E13_neg_ph: 0.2405538984
2021-08-13 13:22:02,329:INFO:E13_zero_mag: 2.92569455715e-16,E13_zero_ph: -1.2490457724
2021-08-13 13:22:02,329:INFO:I13_pos_mag: 0.000441735831267,I13_pos_ph: -1.84980433863
2021-08-13 13:22:02,329:INFO:I13_neg_mag: 0.000382230764374,I13_neg_ph: 0.31135502393
2021-08-13 13:22:02,329:INFO:I13_zero_mag: 2.22694410699e-18,I13_zero_ph: 2.33527703937
2021-08-13 13:22:02,329:INFO:Message Complete
2021-08-13 13:22:02,359:INFO:Sender is pdc
2021-08-13 13:22:02,359:INFO:Time is 1628841122359
2021-08-13 13:22:02,359:INFO:E13_pos_mag: 0.42599510532,E13_pos_ph: -1.87148394984
2021-08-13 13:22:02,359:INFO:E13_neg_mag: 0.380195381293,E13_neg_ph: 0.2405538984
2021-08-13 13:22:02,359:INFO:E13_zero_mag: 2.92569455715e-16,E13_zero_ph: -1.2490457724
2021-08-13 13:22:02,359:INFO:I13_pos_mag: 0.000441735831267,I13_pos_ph: -1.84980433863
2021-08-13 13:22:02,359:INFO:I13_neg_mag: 0.000382230764374,I13_neg_ph: 0.31135502393
2021-08-13 13:22:02,359:INFO:I13_zero_mag: 2.22694410699e-18,I13_zero_ph: 2.33527703937
2021-08-13 13:22:02,359:INFO:Message Complete
2021-08-13 13:22:02,397:INFO:Sender is pdc
2021-08-13 13:22:02,397:INFO:Time is 1628841122397
2021-08-13 13:22:02,397:INFO:E13_pos_mag: 0.777511348221,E13_pos_ph: -1.86148895826
2021-08-13 13:22:02,397:INFO:E13_neg_mag: 0.610226370936,E13_neg_ph: -0.31866366831
2021-08-13 13:22:02,397:INFO:E13_zero_mag: 1.13918145832e-15,E13_zero_ph: -1.20537176233
2021-08-13 13:22:02,397:INFO:I13_pos_mag: 0.000730675979987,I13_pos_ph: -1.88962650594
2021-08-13 13:22:02,397:INFO:I13_neg_mag: 0.000567978140437,I13_neg_ph: -0.170783109025
2021-08-13 13:22:02,397:INFO:I13_zero_mag: 1.36018289127e-18,I13_zero_ph: 3.14159265359
2021-08-13 13:22:02,397:INFO:Message Complete
2021-08-13 13:22:02,435:INFO:Sender is pdc
2021-08-13 13:22:02,435:INFO:Time is 1628841122435
2021-08-13 13:22:02,435:INFO:E13_pos_mag: 0.777511348221,E13_pos_ph: -1.86148895826
2021-08-13 13:22:02,435:INFO:E13_neg_mag: 0.610226370936,E13_neg_ph: -0.31866366831
2021-08-13 13:22:02,435:INFO:E13_zero_mag: 1.13918145832e-15,E13_zero_ph: -1.20537176233
2021-08-13 13:22:02,435:INFO:I13_pos_mag: 0.000730675979987,I13_pos_ph: -1.88962650594
2021-08-13 13:22:02,435:INFO:I13_neg_mag: 0.000567978140437,I13_neg_ph: -0.170783109025
2021-08-13 13:22:02,435:INFO:I13_zero_mag: 1.36018289127e-18,I13_zero_ph: 3.14159265359
2021-08-13 13:22:02,435:INFO:Message Complete
2021-08-13 13:22:02,457:INFO:Sender is pdc
2021-08-13 13:22:02,458:INFO:Time is 1628841122457
2021-08-13 13:22:02,458:INFO:E13_pos_mag: 0.777511348221,E13_pos_ph: -1.86148895826
2021-08-13 13:22:02,458:INFO:E13_neg_mag: 0.610226370936,E13_neg_ph: -0.31866366831
2021-08-13 13:22:02,458:INFO:E13_zero_mag: 1.13918145832e-15,E13_zero_ph: -1.20537176233
2021-08-13 13:22:02,458:INFO:I13_pos_mag: 0.000730675979987,I13_pos_ph: -1.88962650594
2021-08-13 13:22:02,458:INFO:I13_neg_mag: 0.000567978140437,I13_neg_ph: -0.170783109025
2021-08-13 13:22:02,458:INFO:I13_zero_mag: 1.36018289127e-18,I13_zero_ph: 3.14159265359
2021-08-13 13:22:02,458:INFO:Message Complete
2021-08-13 13:51:02,854:INFO:gen_log log STARTED
2021-08-13 13:51:20,039:INFO:Sender is pdc
2021-08-13 13:51:20,039:INFO:Time is 1628842880039
2021-08-13 13:51:20,039:INFO:E13_pos_mag: 0.42599510532,E13_pos_ph: -1.87148394984
2021-08-13 13:51:20,039:INFO:E13_neg_mag: 0.380195381293,E13_neg_ph: 0.2405538984
2021-08-13 13:51:20,040:INFO:E13_zero_mag: 2.92569455715e-16,E13_zero_ph: -1.2490457724
2021-08-13 13:51:20,040:INFO:I13_pos_mag: 0.000441735831267,I13_pos_ph: -1.84980433863
2021-08-13 13:51:20,040:INFO:I13_neg_mag: 0.000382230764374,I13_neg_ph: 0.31135502393
2021-08-13 13:51:20,040:INFO:I13_zero_mag: 2.22694410699e-18,I13_zero_ph: 2.33527703937
2021-08-13 13:51:20,040:INFO:Message Complete
2021-08-13 13:51:20,146:INFO:Sender is pdc
2021-08-13 13:51:20,146:INFO:Time is 1628842880146
2021-08-13 13:51:20,146:INFO:E13_pos_mag: 0.42599510532,E13_pos_ph: -1.87148394984
2021-08-13 13:51:20,146:INFO:E13_neg_mag: 0.380195381293,E13_neg_ph: 0.2405538984
2021-08-13 13:51:20,147:INFO:E13_zero_mag: 2.92569455715e-16,E13_zero_ph: -1.2490457724
2021-08-13 13:51:20,147:INFO:I13_pos_mag: 0.000441735831267,I13_pos_ph: -1.84980433863
2021-08-13 13:51:20,147:INFO:I13_neg_mag: 0.000382230764374,I13_neg_ph: 0.31135502393
2021-08-13 13:51:20,147:INFO:I13_zero_mag: 2.22694410699e-18,I13_zero_ph: 2.33527703937
2021-08-13 13:51:20,147:INFO:Message Complete
2021-08-13 13:51:20,186:INFO:Sender is pdc
2021-08-13 13:51:20,186:INFO:Time is 1628842880186
2021-08-13 13:51:20,186:INFO:E13_pos_mag: 0.42599510532,E13_pos_ph: -1.87148394984
2021-08-13 13:51:20,186:INFO:E13_neg_mag: 0.380195381293,E13_neg_ph: 0.2405538984
2021-08-13 13:51:20,186:INFO:E13_zero_mag: 2.92569455715e-16,E13_zero_ph: -1.2490457724
2021-08-13 13:51:20,186:INFO:I13_pos_mag: 0.000441735831267,I13_pos_ph: -1.84980433863
2021-08-13 13:51:20,186:INFO:I13_neg_mag: 0.000382230764374,I13_neg_ph: 0.31135502393
2021-08-13 13:51:20,186:INFO:I13_zero_mag: 2.22694410699e-18,I13_zero_ph: 2.33527703937
2021-08-13 13:51:20,187:INFO:Message Complete
2021-08-13 13:51:20,216:INFO:Sender is pdc
2021-08-13 13:51:20,216:INFO:Time is 1628842880216
2021-08-13 13:51:20,216:INFO:E13_pos_mag: 0.42599510532,E13_pos_ph: -1.87148394984
2021-08-13 13:51:20,216:INFO:E13_neg_mag: 0.380195381293,E13_neg_ph: 0.2405538984
2021-08-13 13:51:20,216:INFO:E13_zero_mag: 2.92569455715e-16,E13_zero_ph: -1.2490457724
2021-08-13 13:51:20,216:INFO:I13_pos_mag: 0.000441735831267,I13_pos_ph: -1.84980433863
2021-08-13 13:51:20,217:INFO:I13_neg_mag: 0.000382230764374,I13_neg_ph: 0.31135502393
2021-08-13 13:51:20,217:INFO:I13_zero_mag: 2.22694410699e-18,I13_zero_ph: 2.33527703937
2021-08-13 13:51:20,217:INFO:Message Complete
2021-08-13 13:51:20,245:INFO:Sender is pdc
2021-08-13 13:51:20,245:INFO:Time is 1628842880245
2021-08-13 13:51:20,245:INFO:E13_pos_mag: 0.42599510532,E13_pos_ph: -1.87148394984
2021-08-13 13:51:20,246:INFO:E13_neg_mag: 0.380195381293,E13_neg_ph: 0.2405538984
2021-08-13 13:51:20,246:INFO:E13_zero_mag: 2.92569455715e-16,E13_zero_ph: -1.2490457724
2021-08-13 13:51:20,246:INFO:I13_pos_mag: 0.000441735831267,I13_pos_ph: -1.84980433863
2021-08-13 13:51:20,246:INFO:I13_neg_mag: 0.000382230764374,I13_neg_ph: 0.31135502393
2021-08-13 13:51:20,246:INFO:I13_zero_mag: 2.22694410699e-18,I13_zero_ph: 2.33527703937
2021-08-13 13:51:20,246:INFO:Message Complete
2021-08-13 13:51:20,268:INFO:Sender is pdc
2021-08-13 13:51:20,268:INFO:Time is 1628842880268
2021-08-13 13:51:20,268:INFO:E13_pos_mag: 0.42599510532,E13_pos_ph: -1.87148394984
2021-08-13 13:51:20,268:INFO:E13_neg_mag: 0.380195381293,E13_neg_ph: 0.2405538984
2021-08-13 13:51:20,268:INFO:E13_zero_mag: 2.92569455715e-16,E13_zero_ph: -1.2490457724
2021-08-13 13:51:20,268:INFO:I13_pos_mag: 0.000441735831267,I13_pos_ph: -1.84980433863
2021-08-13 13:51:20,268:INFO:I13_neg_mag: 0.000382230764374,I13_neg_ph: 0.31135502393
2021-08-13 13:51:20,268:INFO:I13_zero_mag: 2.22694410699e-18,I13_zero_ph: 2.33527703937
2021-08-13 13:51:20,268:INFO:Message Complete
2021-08-13 13:51:20,290:INFO:Sender is pdc
2021-08-13 13:51:20,290:INFO:Time is 1628842880290
2021-08-13 13:51:20,290:INFO:E13_pos_mag: 0.42599510532,E13_pos_ph: -1.87148394984
2021-08-13 13:51:20,290:INFO:E13_neg_mag: 0.380195381293,E13_neg_ph: 0.2405538984
2021-08-13 13:51:20,291:INFO:E13_zero_mag: 2.92569455715e-16,E13_zero_ph: -1.2490457724
2021-08-13 13:51:20,291:INFO:I13_pos_mag: 0.000441735831267,I13_pos_ph: -1.84980433863
2021-08-13 13:51:20,291:INFO:I13_neg_mag: 0.000382230764374,I13_neg_ph: 0.31135502393
2021-08-13 13:51:20,291:INFO:I13_zero_mag: 2.22694410699e-18,I13_zero_ph: 2.33527703937
2021-08-13 13:51:20,291:INFO:Message Complete
2021-08-13 13:51:20,313:INFO:Sender is pdc
2021-08-13 13:51:20,313:INFO:Time is 1628842880313
2021-08-13 13:51:20,313:INFO:E13_pos_mag: 0.777511348221,E13_pos_ph: -1.86148895826
2021-08-13 13:51:20,313:INFO:E13_neg_mag: 0.610226370936,E13_neg_ph: -0.31866366831
2021-08-13 13:51:20,313:INFO:E13_zero_mag: 1.13918145832e-15,E13_zero_ph: -1.20537176233
2021-08-13 13:51:20,313:INFO:I13_pos_mag: 0.000730675979987,I13_pos_ph: -1.88962650594
2021-08-13 13:51:20,313:INFO:I13_neg_mag: 0.000567978140437,I13_neg_ph: -0.170783109025
2021-08-13 13:51:20,313:INFO:I13_zero_mag: 1.36018289127e-18,I13_zero_ph: 3.14159265359
2021-08-13 13:51:20,313:INFO:Message Complete
2021-08-13 13:51:20,336:INFO:Sender is pdc
2021-08-13 13:51:20,336:INFO:Time is 1628842880336
2021-08-13 13:51:20,336:INFO:E13_pos_mag: 0.777511348221,E13_pos_ph: -1.86148895826
2021-08-13 13:51:20,336:INFO:E13_neg_mag: 0.610226370936,E13_neg_ph: -0.31866366831
2021-08-13 13:51:20,336:INFO:E13_zero_mag: 1.13918145832e-15,E13_zero_ph: -1.20537176233
2021-08-13 13:51:20,336:INFO:I13_pos_mag: 0.000730675979987,I13_pos_ph: -1.88962650594
2021-08-13 13:51:20,336:INFO:I13_neg_mag: 0.000567978140437,I13_neg_ph: -0.170783109025
2021-08-13 13:51:20,336:INFO:I13_zero_mag: 1.36018289127e-18,I13_zero_ph: 3.14159265359
2021-08-13 13:51:20,336:INFO:Message Complete
2021-08-13 13:51:20,358:INFO:Sender is pdc
2021-08-13 13:51:20,358:INFO:Time is 1628842880358
2021-08-13 13:51:20,358:INFO:E13_pos_mag: 0.777511348221,E13_pos_ph: -1.86148895826
2021-08-13 13:51:20,358:INFO:E13_neg_mag: 0.610226370936,E13_neg_ph: -0.31866366831
2021-08-13 13:51:20,358:INFO:E13_zero_mag: 1.13918145832e-15,E13_zero_ph: -1.20537176233
2021-08-13 13:51:20,358:INFO:I13_pos_mag: 0.000730675979987,I13_pos_ph: -1.88962650594
2021-08-13 13:51:20,358:INFO:I13_neg_mag: 0.000567978140437,I13_neg_ph: -0.170783109025
2021-08-13 13:51:20,358:INFO:I13_zero_mag: 1.36018289127e-18,I13_zero_ph: 3.14159265359
2021-08-13 13:51:20,358:INFO:Message Complete
2021-08-13 13:53:09,809:INFO:gen_log log STARTED
2021-08-13 13:53:26,885:INFO:Sender is pdc
2021-08-13 13:53:26,885:INFO:Time is 1628843006885
2021-08-13 13:53:26,885:INFO:E13_pos_mag: 0.42599510532,E13_pos_ph: -1.87148394984
2021-08-13 13:53:26,885:INFO:E13_neg_mag: 0.380195381293,E13_neg_ph: 0.2405538984
2021-08-13 13:53:26,885:INFO:E13_zero_mag: 2.92569455715e-16,E13_zero_ph: -1.2490457724
2021-08-13 13:53:26,886:INFO:I13_pos_mag: 0.000441735831267,I13_pos_ph: -1.84980433863
2021-08-13 13:53:26,886:INFO:I13_neg_mag: 0.000382230764374,I13_neg_ph: 0.31135502393
2021-08-13 13:53:26,886:INFO:I13_zero_mag: 2.22694410699e-18,I13_zero_ph: 2.33527703937
2021-08-13 13:53:26,886:INFO:Message Complete
2021-08-13 13:53:26,919:INFO:Sender is pdc
2021-08-13 13:53:26,919:INFO:Time is 1628843006919
2021-08-13 13:53:26,919:INFO:E13_pos_mag: 0.42599510532,E13_pos_ph: -1.87148394984
2021-08-13 13:53:26,919:INFO:E13_neg_mag: 0.380195381293,E13_neg_ph: 0.2405538984
2021-08-13 13:53:26,919:INFO:E13_zero_mag: 2.92569455715e-16,E13_zero_ph: -1.2490457724
2021-08-13 13:53:26,919:INFO:I13_pos_mag: 0.000441735831267,I13_pos_ph: -1.84980433863
2021-08-13 13:53:26,919:INFO:I13_neg_mag: 0.000382230764374,I13_neg_ph: 0.31135502393
2021-08-13 13:53:26,919:INFO:I13_zero_mag: 2.22694410699e-18,I13_zero_ph: 2.33527703937
2021-08-13 13:53:26,919:INFO:Message Complete
2021-08-13 13:53:26,950:INFO:Sender is pdc
2021-08-13 13:53:26,950:INFO:Time is 1628843006950
2021-08-13 13:53:26,951:INFO:E13_pos_mag: 0.42599510532,E13_pos_ph: -1.87148394984
2021-08-13 13:53:26,951:INFO:E13_neg_mag: 0.380195381293,E13_neg_ph: 0.2405538984
2021-08-13 13:53:26,951:INFO:E13_zero_mag: 2.92569455715e-16,E13_zero_ph: -1.2490457724
2021-08-13 13:53:26,951:INFO:I13_pos_mag: 0.000441735831267,I13_pos_ph: -1.84980433863
2021-08-13 13:53:26,951:INFO:I13_neg_mag: 0.000382230764374,I13_neg_ph: 0.31135502393
2021-08-13 13:53:26,951:INFO:I13_zero_mag: 2.22694410699e-18,I13_zero_ph: 2.33527703937
2021-08-13 13:53:26,951:INFO:Message Complete
2021-08-13 13:53:26,988:INFO:Sender is pdc
2021-08-13 13:53:26,988:INFO:Time is 1628843006988
2021-08-13 13:53:26,988:INFO:E13_pos_mag: 0.42599510532,E13_pos_ph: -1.87148394984
2021-08-13 13:53:26,988:INFO:E13_neg_mag: 0.380195381293,E13_neg_ph: 0.2405538984
2021-08-13 13:53:26,988:INFO:E13_zero_mag: 2.92569455715e-16,E13_zero_ph: -1.2490457724
2021-08-13 13:53:26,988:INFO:I13_pos_mag: 0.000441735831267,I13_pos_ph: -1.84980433863
2021-08-13 13:53:26,988:INFO:I13_neg_mag: 0.000382230764374,I13_neg_ph: 0.31135502393
2021-08-13 13:53:26,989:INFO:I13_zero_mag: 2.22694410699e-18,I13_zero_ph: 2.33527703937
2021-08-13 13:53:26,989:INFO:Message Complete
2021-08-13 13:53:27,026:INFO:Sender is pdc
2021-08-13 13:53:27,026:INFO:Time is 1628843007025
2021-08-13 13:53:27,026:INFO:E13_pos_mag: 0.42599510532,E13_pos_ph: -1.87148394984
2021-08-13 13:53:27,026:INFO:E13_neg_mag: 0.380195381293,E13_neg_ph: 0.2405538984
2021-08-13 13:53:27,026:INFO:E13_zero_mag: 2.92569455715e-16,E13_zero_ph: -1.2490457724
2021-08-13 13:53:27,026:INFO:I13_pos_mag: 0.000441735831267,I13_pos_ph: -1.84980433863
2021-08-13 13:53:27,026:INFO:I13_neg_mag: 0.000382230764374,I13_neg_ph: 0.31135502393
2021-08-13 13:53:27,026:INFO:I13_zero_mag: 2.22694410699e-18,I13_zero_ph: 2.33527703937
2021-08-13 13:53:27,026:INFO:Message Complete
2021-08-13 13:53:27,063:INFO:Sender is pdc
2021-08-13 13:53:27,063:INFO:Time is 1628843007063
2021-08-13 13:53:27,064:INFO:E13_pos_mag: 0.42599510532,E13_pos_ph: -1.87148394984
2021-08-13 13:53:27,064:INFO:E13_neg_mag: 0.380195381293,E13_neg_ph: 0.2405538984
2021-08-13 13:53:27,064:INFO:E13_zero_mag: 2.92569455715e-16,E13_zero_ph: -1.2490457724
2021-08-13 13:53:27,064:INFO:I13_pos_mag: 0.000441735831267,I13_pos_ph: -1.84980433863
2021-08-13 13:53:27,064:INFO:I13_neg_mag: 0.000382230764374,I13_neg_ph: 0.31135502393
2021-08-13 13:53:27,064:INFO:I13_zero_mag: 2.22694410699e-18,I13_zero_ph: 2.33527703937
2021-08-13 13:53:27,064:INFO:Message Complete
2021-08-13 13:53:27,100:INFO:Sender is pdc
2021-08-13 13:53:27,100:INFO:Time is 1628843007100
2021-08-13 13:53:27,100:INFO:E13_pos_mag: 0.42599510532,E13_pos_ph: -1.87148394984
2021-08-13 13:53:27,100:INFO:E13_neg_mag: 0.380195381293,E13_neg_ph: 0.2405538984
2021-08-13 13:53:27,100:INFO:E13_zero_mag: 2.92569455715e-16,E13_zero_ph: -1.2490457724
2021-08-13 13:53:27,100:INFO:I13_pos_mag: 0.000441735831267,I13_pos_ph: -1.84980433863
2021-08-13 13:53:27,100:INFO:I13_neg_mag: 0.000382230764374,I13_neg_ph: 0.31135502393
2021-08-13 13:53:27,100:INFO:I13_zero_mag: 2.22694410699e-18,I13_zero_ph: 2.33527703937
2021-08-13 13:53:27,100:INFO:Message Complete
2021-08-13 13:53:27,130:INFO:Sender is pdc
2021-08-13 13:53:27,130:INFO:Time is 1628843007130
2021-08-13 13:53:27,130:INFO:E13_pos_mag: 0.777511348221,E13_pos_ph: -1.86148895826
2021-08-13 13:53:27,130:INFO:E13_neg_mag: 0.610226370936,E13_neg_ph: -0.31866366831
2021-08-13 13:53:27,130:INFO:E13_zero_mag: 1.13918145832e-15,E13_zero_ph: -1.20537176233
2021-08-13 13:53:27,130:INFO:I13_pos_mag: 0.000730675979987,I13_pos_ph: -1.88962650594
2021-08-13 13:53:27,130:INFO:I13_neg_mag: 0.000567978140437,I13_neg_ph: -0.170783109025
2021-08-13 13:53:27,130:INFO:I13_zero_mag: 1.36018289127e-18,I13_zero_ph: 3.14159265359
2021-08-13 13:53:27,130:INFO:Message Complete
2021-08-13 13:53:27,153:INFO:Sender is pdc
2021-08-13 13:53:27,153:INFO:Time is 1628843007153
2021-08-13 13:53:27,153:INFO:E13_pos_mag: 0.777511348221,E13_pos_ph: -1.86148895826
2021-08-13 13:53:27,153:INFO:E13_neg_mag: 0.610226370936,E13_neg_ph: -0.31866366831
2021-08-13 13:53:27,153:INFO:E13_zero_mag: 1.13918145832e-15,E13_zero_ph: -1.20537176233
2021-08-13 13:53:27,154:INFO:I13_pos_mag: 0.000730675979987,I13_pos_ph: -1.88962650594
2021-08-13 13:53:27,154:INFO:I13_neg_mag: 0.000567978140437,I13_neg_ph: -0.170783109025
2021-08-13 13:53:27,154:INFO:I13_zero_mag: 1.36018289127e-18,I13_zero_ph: 3.14159265359
2021-08-13 13:53:27,154:INFO:Message Complete
2021-08-13 13:53:27,175:INFO:Sender is pdc
2021-08-13 13:53:27,175:INFO:Time is 1628843007175
2021-08-13 13:53:27,175:INFO:E13_pos_mag: 0.777511348221,E13_pos_ph: -1.86148895826
2021-08-13 13:53:27,175:INFO:E13_neg_mag: 0.610226370936,E13_neg_ph: -0.31866366831
2021-08-13 13:53:27,176:INFO:E13_zero_mag: 1.13918145832e-15,E13_zero_ph: -1.20537176233
2021-08-13 13:53:27,176:INFO:I13_pos_mag: 0.000730675979987,I13_pos_ph: -1.88962650594
2021-08-13 13:53:27,176:INFO:I13_neg_mag: 0.000567978140437,I13_neg_ph: -0.170783109025
2021-08-13 13:53:27,176:INFO:I13_zero_mag: 1.36018289127e-18,I13_zero_ph: 3.14159265359
2021-08-13 13:53:27,176:INFO:Message Complete
2021-08-13 13:56:20,906:INFO:gen_log log STARTED
2021-08-13 13:56:37,621:INFO:Sender is pdc
2021-08-13 13:56:37,621:INFO:Time is 1628843197621
2021-08-13 13:56:37,621:INFO:E13_pos_mag: 0.42599510532,E13_pos_ph: -1.87148394984
2021-08-13 13:56:37,621:INFO:E13_neg_mag: 0.380195381293,E13_neg_ph: 0.2405538984
2021-08-13 13:56:37,621:INFO:E13_zero_mag: 2.92569455715e-16,E13_zero_ph: -1.2490457724
2021-08-13 13:56:37,621:INFO:I13_pos_mag: 0.000441735831267,I13_pos_ph: -1.84980433863
2021-08-13 13:56:37,621:INFO:I13_neg_mag: 0.000382230764374,I13_neg_ph: 0.31135502393
2021-08-13 13:56:37,621:INFO:I13_zero_mag: 2.22694410699e-18,I13_zero_ph: 2.33527703937
2021-08-13 13:56:37,622:INFO:Message Complete
2021-08-13 13:56:37,706:INFO:Sender is pdc
2021-08-13 13:56:37,706:INFO:Time is 1628843197706
2021-08-13 13:56:37,706:INFO:E13_pos_mag: 0.42599510532,E13_pos_ph: -1.87148394984
2021-08-13 13:56:37,706:INFO:E13_neg_mag: 0.380195381293,E13_neg_ph: 0.2405538984
2021-08-13 13:56:37,706:INFO:E13_zero_mag: 2.92569455715e-16,E13_zero_ph: -1.2490457724
2021-08-13 13:56:37,706:INFO:I13_pos_mag: 0.000441735831267,I13_pos_ph: -1.84980433863
2021-08-13 13:56:37,706:INFO:I13_neg_mag: 0.000382230764374,I13_neg_ph: 0.31135502393
2021-08-13 13:56:37,706:INFO:I13_zero_mag: 2.22694410699e-18,I13_zero_ph: 2.33527703937
2021-08-13 13:56:37,706:INFO:Message Complete
2021-08-13 13:56:37,735:INFO:Sender is pdc
2021-08-13 13:56:37,735:INFO:Time is 1628843197735
2021-08-13 13:56:37,735:INFO:E13_pos_mag: 0.42599510532,E13_pos_ph: -1.87148394984
2021-08-13 13:56:37,735:INFO:E13_neg_mag: 0.380195381293,E13_neg_ph: 0.2405538984
2021-08-13 13:56:37,735:INFO:E13_zero_mag: 2.92569455715e-16,E13_zero_ph: -1.2490457724
2021-08-13 13:56:37,735:INFO:I13_pos_mag: 0.000441735831267,I13_pos_ph: -1.84980433863
2021-08-13 13:56:37,735:INFO:I13_neg_mag: 0.000382230764374,I13_neg_ph: 0.31135502393
2021-08-13 13:56:37,735:INFO:I13_zero_mag: 2.22694410699e-18,I13_zero_ph: 2.33527703937
2021-08-13 13:56:37,735:INFO:Message Complete
2021-08-13 13:56:37,758:INFO:Sender is pdc
2021-08-13 13:56:37,758:INFO:Time is 1628843197758
2021-08-13 13:56:37,759:INFO:E13_pos_mag: 0.42599510532,E13_pos_ph: -1.87148394984
2021-08-13 13:56:37,759:INFO:E13_neg_mag: 0.380195381293,E13_neg_ph: 0.2405538984
2021-08-13 13:56:37,759:INFO:E13_zero_mag: 2.92569455715e-16,E13_zero_ph: -1.2490457724
2021-08-13 13:56:37,759:INFO:I13_pos_mag: 0.000441735831267,I13_pos_ph: -1.84980433863
2021-08-13 13:56:37,759:INFO:I13_neg_mag: 0.000382230764374,I13_neg_ph: 0.31135502393
2021-08-13 13:56:37,759:INFO:I13_zero_mag: 2.22694410699e-18,I13_zero_ph: 2.33527703937
2021-08-13 13:56:37,759:INFO:Message Complete
2021-08-13 13:56:37,788:INFO:Sender is pdc
2021-08-13 13:56:37,789:INFO:Time is 1628843197788
2021-08-13 13:56:37,789:INFO:E13_pos_mag: 0.42599510532,E13_pos_ph: -1.87148394984
2021-08-13 13:56:37,789:INFO:E13_neg_mag: 0.380195381293,E13_neg_ph: 0.2405538984
2021-08-13 13:56:37,789:INFO:E13_zero_mag: 2.92569455715e-16,E13_zero_ph: -1.2490457724
2021-08-13 13:56:37,789:INFO:I13_pos_mag: 0.000441735831267,I13_pos_ph: -1.84980433863
2021-08-13 13:56:37,789:INFO:I13_neg_mag: 0.000382230764374,I13_neg_ph: 0.31135502393
2021-08-13 13:56:37,789:INFO:I13_zero_mag: 2.22694410699e-18,I13_zero_ph: 2.33527703937
2021-08-13 13:56:37,789:INFO:Message Complete
2021-08-13 13:56:37,819:INFO:Sender is pdc
2021-08-13 13:56:37,819:INFO:Time is 1628843197819
2021-08-13 13:56:37,819:INFO:E13_pos_mag: 0.42599510532,E13_pos_ph: -1.87148394984
2021-08-13 13:56:37,819:INFO:E13_neg_mag: 0.380195381293,E13_neg_ph: 0.2405538984
2021-08-13 13:56:37,819:INFO:E13_zero_mag: 2.92569455715e-16,E13_zero_ph: -1.2490457724
2021-08-13 13:56:37,819:INFO:I13_pos_mag: 0.000441735831267,I13_pos_ph: -1.84980433863
2021-08-13 13:56:37,819:INFO:I13_neg_mag: 0.000382230764374,I13_neg_ph: 0.31135502393
2021-08-13 13:56:37,820:INFO:I13_zero_mag: 2.22694410699e-18,I13_zero_ph: 2.33527703937
2021-08-13 13:56:37,820:INFO:Message Complete
2021-08-13 13:56:37,848:INFO:Sender is pdc
2021-08-13 13:56:37,848:INFO:Time is 1628843197848
2021-08-13 13:56:37,848:INFO:E13_pos_mag: 0.42599510532,E13_pos_ph: -1.87148394984
2021-08-13 13:56:37,848:INFO:E13_neg_mag: 0.380195381293,E13_neg_ph: 0.2405538984
2021-08-13 13:56:37,848:INFO:E13_zero_mag: 2.92569455715e-16,E13_zero_ph: -1.2490457724
2021-08-13 13:56:37,848:INFO:I13_pos_mag: 0.000441735831267,I13_pos_ph: -1.84980433863
2021-08-13 13:56:37,848:INFO:I13_neg_mag: 0.000382230764374,I13_neg_ph: 0.31135502393
2021-08-13 13:56:37,848:INFO:I13_zero_mag: 2.22694410699e-18,I13_zero_ph: 2.33527703937
2021-08-13 13:56:37,848:INFO:Message Complete
2021-08-13 13:56:37,871:INFO:Sender is pdc
2021-08-13 13:56:37,871:INFO:Time is 1628843197871
2021-08-13 13:56:37,871:INFO:E13_pos_mag: 0.777511348221,E13_pos_ph: -1.86148895826
2021-08-13 13:56:37,871:INFO:E13_neg_mag: 0.610226370936,E13_neg_ph: -0.31866366831
2021-08-13 13:56:37,871:INFO:E13_zero_mag: 1.13918145832e-15,E13_zero_ph: -1.20537176233
2021-08-13 13:56:37,871:INFO:I13_pos_mag: 0.000730675979987,I13_pos_ph: -1.88962650594
2021-08-13 13:56:37,871:INFO:I13_neg_mag: 0.000567978140437,I13_neg_ph: -0.170783109025
2021-08-13 13:56:37,871:INFO:I13_zero_mag: 1.36018289127e-18,I13_zero_ph: 3.14159265359
2021-08-13 13:56:37,871:INFO:Message Complete
2021-08-13 13:56:37,893:INFO:Sender is pdc
2021-08-13 13:56:37,893:INFO:Time is 1628843197893
2021-08-13 13:56:37,893:INFO:E13_pos_mag: 0.777511348221,E13_pos_ph: -1.86148895826
2021-08-13 13:56:37,893:INFO:E13_neg_mag: 0.610226370936,E13_neg_ph: -0.31866366831
2021-08-13 13:56:37,893:INFO:E13_zero_mag: 1.13918145832e-15,E13_zero_ph: -1.20537176233
2021-08-13 13:56:37,893:INFO:I13_pos_mag: 0.000730675979987,I13_pos_ph: -1.88962650594
2021-08-13 13:56:37,893:INFO:I13_neg_mag: 0.000567978140437,I13_neg_ph: -0.170783109025
2021-08-13 13:56:37,893:INFO:I13_zero_mag: 1.36018289127e-18,I13_zero_ph: 3.14159265359
2021-08-13 13:56:37,894:INFO:Message Complete
2021-08-13 13:56:37,916:INFO:Sender is pdc
2021-08-13 13:56:37,916:INFO:Time is 1628843197916
2021-08-13 13:56:37,916:INFO:E13_pos_mag: 0.777511348221,E13_pos_ph: -1.86148895826
2021-08-13 13:56:37,916:INFO:E13_neg_mag: 0.610226370936,E13_neg_ph: -0.31866366831
2021-08-13 13:56:37,916:INFO:E13_zero_mag: 1.13918145832e-15,E13_zero_ph: -1.20537176233
2021-08-13 13:56:37,916:INFO:I13_pos_mag: 0.000730675979987,I13_pos_ph: -1.88962650594
2021-08-13 13:56:37,916:INFO:I13_neg_mag: 0.000567978140437,I13_neg_ph: -0.170783109025
2021-08-13 13:56:37,916:INFO:I13_zero_mag: 1.36018289127e-18,I13_zero_ph: 3.14159265359
2021-08-13 13:56:37,916:INFO:Message Complete
2021-08-13 14:03:36,920:INFO:gen_log log STARTED
2021-08-13 14:03:53,398:INFO:Sender is pdc
2021-08-13 14:03:53,398:INFO:Time is 1628843633398
2021-08-13 14:03:53,399:INFO:E13_pos_mag: 0.42599510532,E13_pos_ph: -1.87148394984
2021-08-13 14:03:53,399:INFO:E13_neg_mag: 0.380195381293,E13_neg_ph: 0.2405538984
2021-08-13 14:03:53,399:INFO:E13_zero_mag: 2.92569455715e-16,E13_zero_ph: -1.2490457724
2021-08-13 14:03:53,399:INFO:I13_pos_mag: 0.000441735831267,I13_pos_ph: -1.84980433863
2021-08-13 14:03:53,399:INFO:I13_neg_mag: 0.000382230764374,I13_neg_ph: 0.31135502393
2021-08-13 14:03:53,399:INFO:I13_zero_mag: 2.22694410699e-18,I13_zero_ph: 2.33527703937
2021-08-13 14:03:53,399:INFO:Message Complete
2021-08-13 14:03:53,429:INFO:Sender is pdc
2021-08-13 14:03:53,429:INFO:Time is 1628843633429
2021-08-13 14:03:53,430:INFO:E13_pos_mag: 0.42599510532,E13_pos_ph: -1.87148394984
2021-08-13 14:03:53,430:INFO:E13_neg_mag: 0.380195381293,E13_neg_ph: 0.2405538984
2021-08-13 14:03:53,430:INFO:E13_zero_mag: 2.92569455715e-16,E13_zero_ph: -1.2490457724
2021-08-13 14:03:53,430:INFO:I13_pos_mag: 0.000441735831267,I13_pos_ph: -1.84980433863
2021-08-13 14:03:53,430:INFO:I13_neg_mag: 0.000382230764374,I13_neg_ph: 0.31135502393
2021-08-13 14:03:53,430:INFO:I13_zero_mag: 2.22694410699e-18,I13_zero_ph: 2.33527703937
2021-08-13 14:03:53,430:INFO:Message Complete
2021-08-13 14:03:53,461:INFO:Sender is pdc
2021-08-13 14:03:53,461:INFO:Time is 1628843633461
2021-08-13 14:03:53,461:INFO:E13_pos_mag: 0.42599510532,E13_pos_ph: -1.87148394984
2021-08-13 14:03:53,461:INFO:E13_neg_mag: 0.380195381293,E13_neg_ph: 0.2405538984
2021-08-13 14:03:53,461:INFO:E13_zero_mag: 2.92569455715e-16,E13_zero_ph: -1.2490457724
2021-08-13 14:03:53,461:INFO:I13_pos_mag: 0.000441735831267,I13_pos_ph: -1.84980433863
2021-08-13 14:03:53,462:INFO:I13_neg_mag: 0.000382230764374,I13_neg_ph: 0.31135502393
2021-08-13 14:03:53,462:INFO:I13_zero_mag: 2.22694410699e-18,I13_zero_ph: 2.33527703937
2021-08-13 14:03:53,462:INFO:Message Complete
2021-08-13 14:03:53,490:INFO:Sender is pdc
2021-08-13 14:03:53,490:INFO:Time is 1628843633490
2021-08-13 14:03:53,490:INFO:E13_pos_mag: 0.42599510532,E13_pos_ph: -1.87148394984
2021-08-13 14:03:53,490:INFO:E13_neg_mag: 0.380195381293,E13_neg_ph: 0.2405538984
2021-08-13 14:03:53,490:INFO:E13_zero_mag: 2.92569455715e-16,E13_zero_ph: -1.2490457724
2021-08-13 14:03:53,490:INFO:I13_pos_mag: 0.000441735831267,I13_pos_ph: -1.84980433863
2021-08-13 14:03:53,490:INFO:I13_neg_mag: 0.000382230764374,I13_neg_ph: 0.31135502393
2021-08-13 14:03:53,490:INFO:I13_zero_mag: 2.22694410699e-18,I13_zero_ph: 2.33527703937
2021-08-13 14:03:53,490:INFO:Message Complete
2021-08-13 14:03:53,514:INFO:Sender is pdc
2021-08-13 14:03:53,514:INFO:Time is 1628843633513
2021-08-13 14:03:53,514:INFO:E13_pos_mag: 0.42599510532,E13_pos_ph: -1.87148394984
2021-08-13 14:03:53,514:INFO:E13_neg_mag: 0.380195381293,E13_neg_ph: 0.2405538984
2021-08-13 14:03:53,514:INFO:E13_zero_mag: 2.92569455715e-16,E13_zero_ph: -1.2490457724
2021-08-13 14:03:53,514:INFO:I13_pos_mag: 0.000441735831267,I13_pos_ph: -1.84980433863
2021-08-13 14:03:53,514:INFO:I13_neg_mag: 0.000382230764374,I13_neg_ph: 0.31135502393
2021-08-13 14:03:53,514:INFO:I13_zero_mag: 2.22694410699e-18,I13_zero_ph: 2.33527703937
2021-08-13 14:03:53,514:INFO:Message Complete
2021-08-13 14:03:53,544:INFO:Sender is pdc
2021-08-13 14:03:53,544:INFO:Time is 1628843633544
2021-08-13 14:03:53,544:INFO:E13_pos_mag: 0.42599510532,E13_pos_ph: -1.87148394984
2021-08-13 14:03:53,544:INFO:E13_neg_mag: 0.380195381293,E13_neg_ph: 0.2405538984
2021-08-13 14:03:53,544:INFO:E13_zero_mag: 2.92569455715e-16,E13_zero_ph: -1.2490457724
2021-08-13 14:03:53,544:INFO:I13_pos_mag: 0.000441735831267,I13_pos_ph: -1.84980433863
2021-08-13 14:03:53,544:INFO:I13_neg_mag: 0.000382230764374,I13_neg_ph: 0.31135502393
2021-08-13 14:03:53,544:INFO:I13_zero_mag: 2.22694410699e-18,I13_zero_ph: 2.33527703937
2021-08-13 14:03:53,545:INFO:Message Complete
2021-08-13 14:03:53,574:INFO:Sender is pdc
2021-08-13 14:03:53,574:INFO:Time is 1628843633574
2021-08-13 14:03:53,574:INFO:E13_pos_mag: 0.42599510532,E13_pos_ph: -1.87148394984
2021-08-13 14:03:53,574:INFO:E13_neg_mag: 0.380195381293,E13_neg_ph: 0.2405538984
2021-08-13 14:03:53,574:INFO:E13_zero_mag: 2.92569455715e-16,E13_zero_ph: -1.2490457724
2021-08-13 14:03:53,575:INFO:I13_pos_mag: 0.000441735831267,I13_pos_ph: -1.84980433863
2021-08-13 14:03:53,575:INFO:I13_neg_mag: 0.000382230764374,I13_neg_ph: 0.31135502393
2021-08-13 14:03:53,575:INFO:I13_zero_mag: 2.22694410699e-18,I13_zero_ph: 2.33527703937
2021-08-13 14:03:53,575:INFO:Message Complete
2021-08-13 14:03:53,625:INFO:Sender is pdc
2021-08-13 14:03:53,626:INFO:Time is 1628843633625
2021-08-13 14:03:53,626:INFO:E13_pos_mag: 0.777511348221,E13_pos_ph: -1.86148895826
2021-08-13 14:03:53,626:INFO:E13_neg_mag: 0.610226370936,E13_neg_ph: -0.31866366831
2021-08-13 14:03:53,626:INFO:E13_zero_mag: 1.13918145832e-15,E13_zero_ph: -1.20537176233
2021-08-13 14:03:53,626:INFO:I13_pos_mag: 0.000730675979987,I13_pos_ph: -1.88962650594
2021-08-13 14:03:53,626:INFO:I13_neg_mag: 0.000567978140437,I13_neg_ph: -0.170783109025
2021-08-13 14:03:53,626:INFO:I13_zero_mag: 1.36018289127e-18,I13_zero_ph: 3.14159265359
2021-08-13 14:03:53,626:INFO:Message Complete
2021-08-13 14:03:53,656:INFO:Sender is pdc
2021-08-13 14:03:53,656:INFO:Time is 1628843633656
2021-08-13 14:03:53,656:INFO:E13_pos_mag: 0.777511348221,E13_pos_ph: -1.86148895826
2021-08-13 14:03:53,656:INFO:E13_neg_mag: 0.610226370936,E13_neg_ph: -0.31866366831
2021-08-13 14:03:53,656:INFO:E13_zero_mag: 1.13918145832e-15,E13_zero_ph: -1.20537176233
2021-08-13 14:03:53,656:INFO:I13_pos_mag: 0.000730675979987,I13_pos_ph: -1.88962650594
2021-08-13 14:03:53,656:INFO:I13_neg_mag: 0.000567978140437,I13_neg_ph: -0.170783109025
2021-08-13 14:03:53,656:INFO:I13_zero_mag: 1.36018289127e-18,I13_zero_ph: 3.14159265359
2021-08-13 14:03:53,656:INFO:Message Complete
2021-08-13 14:03:53,686:INFO:Sender is pdc
2021-08-13 14:03:53,686:INFO:Time is 1628843633686
2021-08-13 14:03:53,686:INFO:E13_pos_mag: 0.777511348221,E13_pos_ph: -1.86148895826
2021-08-13 14:03:53,686:INFO:E13_neg_mag: 0.610226370936,E13_neg_ph: -0.31866366831
2021-08-13 14:03:53,686:INFO:E13_zero_mag: 1.13918145832e-15,E13_zero_ph: -1.20537176233
2021-08-13 14:03:53,686:INFO:I13_pos_mag: 0.000730675979987,I13_pos_ph: -1.88962650594
2021-08-13 14:03:53,686:INFO:I13_neg_mag: 0.000567978140437,I13_neg_ph: -0.170783109025
2021-08-13 14:03:53,686:INFO:I13_zero_mag: 1.36018289127e-18,I13_zero_ph: 3.14159265359
2021-08-13 14:03:53,686:INFO:Message Complete
